039
191
574
625
981
3
219
459
79
706
06
919
928
511
990
675
915
691
1
76
48
92
786
580
65
677
246
119
255
598
804
456
949
430
182
504
06
11
679
411
455
815
548
018
988
349
808
233
026
72
309
916
045
456
944
885
785
277
785
89
914
863
534
271
73
65
877
317
319
306
683
388
745
853
572
645
366
254
24
99
502
713
978
862
13
538
424
856
4
563
287
172
164
052
292
665
243
583
360
716
96
651
251
494
869
669
423
35
526
221
442
716
217
915
550
832
840
879
198
907
541
584
119
595
342
972
004
999
817
724
681
125
52
032
922
977
989
664
162
454
441
452
45
968
229
683
572
382
860
874
452
421
911
381
295
816
307
8
342
869
154
82
656
953
614
497
342
654
77
391
950
58
59
070
772
980
858
820
351
45
69
499
132
184
228
355
378
320
541
464
111
089
134
866
251
722
213
486
094
774
872
794
093
498
847
910
562
09
236
406
908
918
401
981
356
634
190
301
255
893
390
44
635
921
571
6
14
037
763
459
23
927
747
894
590
524
069
765
370
859
242
755
192
769
405
242
61
539
678
303
193
642
366
946
683
488
192
921
482
762
542
679
044
187
641
544
259
08
538
312
34
294
690
942
579
62
906
587
789
52
531
759
709
899
595
007
497
268
995
288
028
797
105
5
240
492
05
997
648
604
320
537
944
720
648
246
092
272
972
125
448
168
756
285
739
442
654
275
944
474
38
338
144
258
337
997
478
283
242
67
589
40
872
296
667
254
077
131
047
622
625
571
180
083
568
32
789
486
109
223
687
32
689
079
542
02
172
071
156
475
61
902
934
94
441
96
134
715
189
887
164
904
292
1
773
919
894
513
679
149
85
344
556
752
745
228
261
097
634
377
524
111
304
933
153
666
814
39
509
495
505
991
606
8
936
568
749
058
371
538
332
775
585
667
926
411
632
992
394
717
647
785
247
631
709
780
960
39
979
916
378
977
990
205
834
249
956
646
2
292
625
48
467
344
886
933
36
86
57
593
125
27
521
133
460
812
766
710
211
722
848
547
811
654
040
215
029
869
910
257
410
099
255
389
547
232
933
14
772
612
99
96
459
924
087
981
738
963
726
70
757
069
83
928
165
272
386
99
35
104
873
164
83
476
353
574
275
42
438
957
182
641
550
937
884
401
691
12
521
352
251
177
104
916
595
603
511
065
433
242
696
687
188
562
62
796
331
467
126
17
597
276
934
239
122
011
155
455
112
45
643
894
780
74
351
412
245
039
496
853
975
130
217
376
615
370
235
578
254
989
927
126
814
786
57
222
30
782
594
095
905
187
34
593
937
148
277
395
199
37
337
32
298
596
141
70
72
420
849
970
98
578
325
446
275
152
088
103
899
850
776
070
580
512
854
92
67
73
178
907
956
686
979
656
153
626
03
239
272
296
393
584
544
173
268
046
5
345
600
979
935
355
79
376
442
373
166
902
818
713
17
35
893
959
18
871
995
694
799
237
303
562
780
933
454
973
657
841
650
249
202
15
146
318
679
514
589
283
979
557
23
456
177
631
398
450
579
845
612
57
12
511
796
78
823
376
777
112
421
42
979
482
99
832
456
988
496
585
625
855
817
865
334
09
654
715
284
233
630
122
879
572
2
295
914
526
804
5
288
40
365
618
498
449
848
959
76
867
941
765
615
104
481
436
71
105
859
178
334
317
865
627
162
478
660
059
139
185
85
939
320
227
584
390
578
452
536
858
58
449
912
79
231
239
754
059
249
672
214
861
5
614
180
60
083
397
67
085
187
452
671
574
559
551
730
232
012
15
830
705
036
967
412
378
51
344
676
660
645
063
893
539
195
035
840
121
594
819
932
251
413
743
429
523
11
038
482
369
363
575
34
499
386
417
536
315
487
755
458
578
256
565
5
479
401
787
26
915
631
194
473
583
214
343
977
714
452
778
463
187
86
187
629
282
169
575
1
204
681
520
148
163
659
298
811
689
65
611
768
780
34
756
325
347
698
824
915
627
021
223
47
586
947
90
221
966
131
047
507
966
95
295
878
799
233
593
216
441
961
857
287
212
41
681
188
460
977
581
2
041
429
298
298
256
64
712
987
597
156
839
38
144
112
547
676
753
765
005
81
951
785
904
130
15
752
680
231
192
367
787
925
993
289
743
827
050
208
484
725
420
426
275
285
625
436
70
3
726
776
375
436
657
434
125
949
328
517
878
105
172
689
49
637
812
1
241
277
207
115
210
926
644
715
750
128
274
532
71
697
837
535
842
844
487
935
827
335
26
353
742
704
790
55
795
739
605
537
260
491
665
526
462
930
98
268
159
312
830
497
752
246
062
696
466
331
524
736
660
077
998
391
559
825
822
481
388
046
839
077
091
183
260
368
536
239
286
701
097
498
450
246
421
330
257
458
624
393
964
217
860
170
51
515
989
185
751
942
156
861
270
869
243
